  TS_Model.cpp
C:\Project\Aircraft_Model_Assignment\Aircraft_Model_Assignment\Aircraft.h(27,1): warning C4267: “初始化”: 从“size_t”转换到“unsigned int”，可能丢失数据
C:\Project\Aircraft_Model_Assignment\Aircraft_Model_Assignment\Aircraft.h(37,31): warning C4267: “return”: 从“size_t”转换到“int”，可能丢失数据
C:\Project\Aircraft_Model_Assignment\Aircraft_Model_Assignment\TS_Model.cpp(121,67): warning C4244: “参数”: 从“double”转换到“IloInt”，可能丢失数据
C:\Project\Aircraft_Model_Assignment\Aircraft_Model_Assignment\TS_Model.cpp(132,75): warning C4244: “参数”: 从“double”转换到“IloInt”，可能丢失数据
C:\Project\Aircraft_Model_Assignment\Aircraft_Model_Assignment\TS_Model.cpp(134,75): warning C4244: “参数”: 从“double”转换到“IloInt”，可能丢失数据
C:\Project\Aircraft_Model_Assignment\Aircraft_Model_Assignment\TS_Model.cpp(140,35): warning C4477: “sprintf”: 格式字符串“%lld”需要类型“__int64”的参数，但可变参数 2 拥有了类型“int”
C:\Project\Aircraft_Model_Assignment\Aircraft_Model_Assignment\TS_Model.cpp(140,35): message : 请考虑在格式字符串中使用“%d”
C:\Project\Aircraft_Model_Assignment\Aircraft_Model_Assignment\TS_Model.cpp(140,35): message : 请考虑在格式字符串中使用“%I32d”
C:\Project\Aircraft_Model_Assignment\Aircraft_Model_Assignment\TS_Model.cpp(151,35): warning C4477: “sprintf”: 格式字符串“%s”需要类型“char *”的参数，但可变参数 3 拥有了类型“std::string”
C:\Project\Aircraft_Model_Assignment\Aircraft_Model_Assignment\TS_Model.cpp(151,35): warning C4477: “sprintf”: 格式字符串“%s”需要类型“char *”的参数，但可变参数 4 拥有了类型“std::string”
C:\Project\Aircraft_Model_Assignment\Aircraft_Model_Assignment\TS_Model.cpp(281,31): warning C4477: “sprintf”: 格式字符串“%s”需要类型“char *”的参数，但可变参数 1 拥有了类型“std::string”
C:\Project\Aircraft_Model_Assignment\Aircraft_Model_Assignment\TS_Model.cpp(306,27): warning C4477: “sprintf”: 格式字符串“%s”需要类型“char *”的参数，但可变参数 1 拥有了类型“std::string”
  main.cpp
C:\Project\Aircraft_Model_Assignment\Aircraft_Model_Assignment\Aircraft.h(27,1): warning C4267: “初始化”: 从“size_t”转换到“unsigned int”，可能丢失数据
C:\Project\Aircraft_Model_Assignment\Aircraft_Model_Assignment\Aircraft.h(37,31): warning C4267: “return”: 从“size_t”转换到“int”，可能丢失数据
  正在生成代码...
ilocplex.lib(ilocplex.obj) : error LNK2038: 检测到“_ITERATOR_DEBUG_LEVEL”的不匹配项: 值“0”不匹配值“2”(DataManager.obj 中)
ilocplex.lib(ilocplex.obj) : error LNK2038: 检测到“RuntimeLibrary”的不匹配项: 值“MD_DynamicRelease”不匹配值“MDd_DynamicDebug”(DataManager.obj 中)
ilocplex.lib(ilocplexreader.obj) : error LNK2038: 检测到“_ITERATOR_DEBUG_LEVEL”的不匹配项: 值“0”不匹配值“2”(DataManager.obj 中)
ilocplex.lib(ilocplexreader.obj) : error LNK2038: 检测到“RuntimeLibrary”的不匹配项: 值“MD_DynamicRelease”不匹配值“MDd_DynamicDebug”(DataManager.obj 中)
ilocplex.lib(ilocpxcallback.obj) : error LNK2038: 检测到“_ITERATOR_DEBUG_LEVEL”的不匹配项: 值“0”不匹配值“2”(DataManager.obj 中)
ilocplex.lib(ilocpxcallback.obj) : error LNK2038: 检测到“RuntimeLibrary”的不匹配项: 值“MD_DynamicRelease”不匹配值“MDd_DynamicDebug”(DataManager.obj 中)
ilocplex.lib(ilogoals.obj) : error LNK2038: 检测到“_ITERATOR_DEBUG_LEVEL”的不匹配项: 值“0”不匹配值“2”(DataManager.obj 中)
ilocplex.lib(ilogoals.obj) : error LNK2038: 检测到“RuntimeLibrary”的不匹配项: 值“MD_DynamicRelease”不匹配值“MDd_DynamicDebug”(DataManager.obj 中)
ilocplex.lib(ilocpxsoln.obj) : error LNK2038: 检测到“_ITERATOR_DEBUG_LEVEL”的不匹配项: 值“0”不匹配值“2”(DataManager.obj 中)
ilocplex.lib(ilocpxsoln.obj) : error LNK2038: 检测到“RuntimeLibrary”的不匹配项: 值“MD_DynamicRelease”不匹配值“MDd_DynamicDebug”(DataManager.obj 中)
ilocplex.lib(ilocplexsolnpool.obj) : error LNK2038: 检测到“_ITERATOR_DEBUG_LEVEL”的不匹配项: 值“0”不匹配值“2”(DataManager.obj 中)
ilocplex.lib(ilocplexsolnpool.obj) : error LNK2038: 检测到“RuntimeLibrary”的不匹配项: 值“MD_DynamicRelease”不匹配值“MDd_DynamicDebug”(DataManager.obj 中)
ilocplex.lib(iloannotation.obj) : error LNK2038: 检测到“_ITERATOR_DEBUG_LEVEL”的不匹配项: 值“0”不匹配值“2”(DataManager.obj 中)
ilocplex.lib(iloannotation.obj) : error LNK2038: 检测到“RuntimeLibrary”的不匹配项: 值“MD_DynamicRelease”不匹配值“MDd_DynamicDebug”(DataManager.obj 中)
ilocplex.lib(ilocpxindexmanager.obj) : error LNK2038: 检测到“_ITERATOR_DEBUG_LEVEL”的不匹配项: 值“0”不匹配值“2”(DataManager.obj 中)
ilocplex.lib(ilocpxindexmanager.obj) : error LNK2038: 检测到“RuntimeLibrary”的不匹配项: 值“MD_DynamicRelease”不匹配值“MDd_DynamicDebug”(DataManager.obj 中)
ilocplex.lib(iloextrmgr.obj) : error LNK2038: 检测到“_ITERATOR_DEBUG_LEVEL”的不匹配项: 值“0”不匹配值“2”(DataManager.obj 中)
ilocplex.lib(iloextrmgr.obj) : error LNK2038: 检测到“RuntimeLibrary”的不匹配项: 值“MD_DynamicRelease”不匹配值“MDd_DynamicDebug”(DataManager.obj 中)
ilocplex.lib(iloexpr.obj) : error LNK2038: 检测到“_ITERATOR_DEBUG_LEVEL”的不匹配项: 值“0”不匹配值“2”(DataManager.obj 中)
ilocplex.lib(iloexpr.obj) : error LNK2038: 检测到“RuntimeLibrary”的不匹配项: 值“MD_DynamicRelease”不匹配值“MDd_DynamicDebug”(DataManager.obj 中)
ilocplex.lib(ilodeflpextr.obj) : error LNK2038: 检测到“_ITERATOR_DEBUG_LEVEL”的不匹配项: 值“0”不匹配值“2”(DataManager.obj 中)
ilocplex.lib(ilodeflpextr.obj) : error LNK2038: 检测到“RuntimeLibrary”的不匹配项: 值“MD_DynamicRelease”不匹配值“MDd_DynamicDebug”(DataManager.obj 中)
ilocplex.lib(ilologicextr.obj) : error LNK2038: 检测到“_ITERATOR_DEBUG_LEVEL”的不匹配项: 值“0”不匹配值“2”(DataManager.obj 中)
ilocplex.lib(ilologicextr.obj) : error LNK2038: 检测到“RuntimeLibrary”的不匹配项: 值“MD_DynamicRelease”不匹配值“MDd_DynamicDebug”(DataManager.obj 中)
ilocplex.lib(ilocolextr.obj) : error LNK2038: 检测到“_ITERATOR_DEBUG_LEVEL”的不匹配项: 值“0”不匹配值“2”(DataManager.obj 中)
ilocplex.lib(ilocolextr.obj) : error LNK2038: 检测到“RuntimeLibrary”的不匹配项: 值“MD_DynamicRelease”不匹配值“MDd_DynamicDebug”(DataManager.obj 中)
ilocplex.lib(cpxcache.obj) : error LNK2038: 检测到“_ITERATOR_DEBUG_LEVEL”的不匹配项: 值“0”不匹配值“2”(DataManager.obj 中)
ilocplex.lib(cpxcache.obj) : error LNK2038: 检测到“RuntimeLibrary”的不匹配项: 值“MD_DynamicRelease”不匹配值“MDd_DynamicDebug”(DataManager.obj 中)
ilocplex.lib(ilomipstart.obj) : error LNK2038: 检测到“_ITERATOR_DEBUG_LEVEL”的不匹配项: 值“0”不匹配值“2”(DataManager.obj 中)
ilocplex.lib(ilomipstart.obj) : error LNK2038: 检测到“RuntimeLibrary”的不匹配项: 值“MD_DynamicRelease”不匹配值“MDd_DynamicDebug”(DataManager.obj 中)
ilocplex.lib(ilomutex.obj) : error LNK2038: 检测到“_ITERATOR_DEBUG_LEVEL”的不匹配项: 值“0”不匹配值“2”(DataManager.obj 中)
ilocplex.lib(ilomutex.obj) : error LNK2038: 检测到“RuntimeLibrary”的不匹配项: 值“MD_DynamicRelease”不匹配值“MDd_DynamicDebug”(DataManager.obj 中)
ilocplex.lib(ilolpextr.obj) : error LNK2038: 检测到“_ITERATOR_DEBUG_LEVEL”的不匹配项: 值“0”不匹配值“2”(DataManager.obj 中)
ilocplex.lib(ilolpextr.obj) : error LNK2038: 检测到“RuntimeLibrary”的不匹配项: 值“MD_DynamicRelease”不匹配值“MDd_DynamicDebug”(DataManager.obj 中)
concert.lib(ilotypes.obj) : error LNK2038: 检测到“_ITERATOR_DEBUG_LEVEL”的不匹配项: 值“0”不匹配值“2”(DataManager.obj 中)
concert.lib(ilotypes.obj) : error LNK2038: 检测到“RuntimeLibrary”的不匹配项: 值“MD_DynamicRelease”不匹配值“MDd_DynamicDebug”(DataManager.obj 中)
concert.lib(iloenv.obj) : error LNK2038: 检测到“_ITERATOR_DEBUG_LEVEL”的不匹配项: 值“0”不匹配值“2”(DataManager.obj 中)
concert.lib(iloenv.obj) : error LNK2038: 检测到“RuntimeLibrary”的不匹配项: 值“MD_DynamicRelease”不匹配值“MDd_DynamicDebug”(DataManager.obj 中)
concert.lib(iloallocator.obj) : error LNK2038: 检测到“_ITERATOR_DEBUG_LEVEL”的不匹配项: 值“0”不匹配值“2”(DataManager.obj 中)
concert.lib(iloallocator.obj) : error LNK2038: 检测到“RuntimeLibrary”的不匹配项: 值“MD_DynamicRelease”不匹配值“MDd_DynamicDebug”(DataManager.obj 中)
concert.lib(iloextractable.obj) : error LNK2038: 检测到“_ITERATOR_DEBUG_LEVEL”的不匹配项: 值“0”不匹配值“2”(DataManager.obj 中)
concert.lib(iloextractable.obj) : error LNK2038: 检测到“RuntimeLibrary”的不匹配项: 值“MD_DynamicRelease”不匹配值“MDd_DynamicDebug”(DataManager.obj 中)
concert.lib(iloalg.obj) : error LNK2038: 检测到“_ITERATOR_DEBUG_LEVEL”的不匹配项: 值“0”不匹配值“2”(DataManager.obj 中)
concert.lib(iloalg.obj) : error LNK2038: 检测到“RuntimeLibrary”的不匹配项: 值“MD_DynamicRelease”不匹配值“MDd_DynamicDebug”(DataManager.obj 中)
concert.lib(iloexpression.obj) : error LNK2038: 检测到“_ITERATOR_DEBUG_LEVEL”的不匹配项: 值“0”不匹配值“2”(DataManager.obj 中)
concert.lib(iloexpression.obj) : error LNK2038: 检测到“RuntimeLibrary”的不匹配项: 值“MD_DynamicRelease”不匹配值“MDd_DynamicDebug”(DataManager.obj 中)
concert.lib(iloconstraint.obj) : error LNK2038: 检测到“_ITERATOR_DEBUG_LEVEL”的不匹配项: 值“0”不匹配值“2”(DataManager.obj 中)
concert.lib(iloconstraint.obj) : error LNK2038: 检测到“RuntimeLibrary”的不匹配项: 值“MD_DynamicRelease”不匹配值“MDd_DynamicDebug”(DataManager.obj 中)
concert.lib(ilothread.obj) : error LNK2038: 检测到“_ITERATOR_DEBUG_LEVEL”的不匹配项: 值“0”不匹配值“2”(DataManager.obj 中)
concert.lib(ilothread.obj) : error LNK2038: 检测到“RuntimeLibrary”的不匹配项: 值“MD_DynamicRelease”不匹配值“MDd_DynamicDebug”(DataManager.obj 中)
concert.lib(evalexpand.obj) : error LNK2038: 检测到“_ITERATOR_DEBUG_LEVEL”的不匹配项: 值“0”不匹配值“2”(DataManager.obj 中)
concert.lib(evalexpand.obj) : error LNK2038: 检测到“RuntimeLibrary”的不匹配项: 值“MD_DynamicRelease”不匹配值“MDd_DynamicDebug”(DataManager.obj 中)
concert.lib(ilosolution.obj) : error LNK2038: 检测到“_ITERATOR_DEBUG_LEVEL”的不匹配项: 值“0”不匹配值“2”(DataManager.obj 中)
concert.lib(ilosolution.obj) : error LNK2038: 检测到“RuntimeLibrary”的不匹配项: 值“MD_DynamicRelease”不匹配值“MDd_DynamicDebug”(DataManager.obj 中)
concert.lib(evaluator.obj) : error LNK2038: 检测到“_ITERATOR_DEBUG_LEVEL”的不匹配项: 值“0”不匹配值“2”(DataManager.obj 中)
concert.lib(evaluator.obj) : error LNK2038: 检测到“RuntimeLibrary”的不匹配项: 值“MD_DynamicRelease”不匹配值“MDd_DynamicDebug”(DataManager.obj 中)
concert.lib(iloiterator.obj) : error LNK2038: 检测到“_ITERATOR_DEBUG_LEVEL”的不匹配项: 值“0”不匹配值“2”(DataManager.obj 中)
concert.lib(iloiterator.obj) : error LNK2038: 检测到“RuntimeLibrary”的不匹配项: 值“MD_DynamicRelease”不匹配值“MDd_DynamicDebug”(DataManager.obj 中)
concert.lib(ilohash.obj) : error LNK2038: 检测到“_ITERATOR_DEBUG_LEVEL”的不匹配项: 值“0”不匹配值“2”(DataManager.obj 中)
concert.lib(ilohash.obj) : error LNK2038: 检测到“RuntimeLibrary”的不匹配项: 值“MD_DynamicRelease”不匹配值“MDd_DynamicDebug”(DataManager.obj 中)
concert.lib(ilosimplecollection.obj) : error LNK2038: 检测到“_ITERATOR_DEBUG_LEVEL”的不匹配项: 值“0”不匹配值“2”(DataManager.obj 中)
concert.lib(ilosimplecollection.obj) : error LNK2038: 检测到“RuntimeLibrary”的不匹配项: 值“MD_DynamicRelease”不匹配值“MDd_DynamicDebug”(DataManager.obj 中)
concert.lib(ilorandom.obj) : error LNK2038: 检测到“_ITERATOR_DEBUG_LEVEL”的不匹配项: 值“0”不匹配值“2”(DataManager.obj 中)
concert.lib(ilorandom.obj) : error LNK2038: 检测到“RuntimeLibrary”的不匹配项: 值“MD_DynamicRelease”不匹配值“MDd_DynamicDebug”(DataManager.obj 中)
concert.lib(iloset.obj) : error LNK2038: 检测到“_ITERATOR_DEBUG_LEVEL”的不匹配项: 值“0”不匹配值“2”(DataManager.obj 中)
concert.lib(iloset.obj) : error LNK2038: 检测到“RuntimeLibrary”的不匹配项: 值“MD_DynamicRelease”不匹配值“MDd_DynamicDebug”(DataManager.obj 中)
concert.lib(ilostimei.obj) : error LNK2038: 检测到“_ITERATOR_DEBUG_LEVEL”的不匹配项: 值“0”不匹配值“2”(DataManager.obj 中)
concert.lib(ilostimei.obj) : error LNK2038: 检测到“RuntimeLibrary”的不匹配项: 值“MD_DynamicRelease”不匹配值“MDd_DynamicDebug”(DataManager.obj 中)
concert.lib(iloanyexpr.obj) : error LNK2038: 检测到“_ITERATOR_DEBUG_LEVEL”的不匹配项: 值“0”不匹配值“2”(DataManager.obj 中)
concert.lib(iloanyexpr.obj) : error LNK2038: 检测到“RuntimeLibrary”的不匹配项: 值“MD_DynamicRelease”不匹配值“MDd_DynamicDebug”(DataManager.obj 中)
concert.lib(ilossol.obj) : error LNK2038: 检测到“_ITERATOR_DEBUG_LEVEL”的不匹配项: 值“0”不匹配值“2”(DataManager.obj 中)
concert.lib(ilossol.obj) : error LNK2038: 检测到“RuntimeLibrary”的不匹配项: 值“MD_DynamicRelease”不匹配值“MDd_DynamicDebug”(DataManager.obj 中)
concert.lib(ilocollectionstruct.obj) : error LNK2038: 检测到“_ITERATOR_DEBUG_LEVEL”的不匹配项: 值“0”不匹配值“2”(DataManager.obj 中)
concert.lib(ilocollectionstruct.obj) : error LNK2038: 检测到“RuntimeLibrary”的不匹配项: 值“MD_DynamicRelease”不匹配值“MDd_DynamicDebug”(DataManager.obj 中)
concert.lib(ilocollection.obj) : error LNK2038: 检测到“_ITERATOR_DEBUG_LEVEL”的不匹配项: 值“0”不匹配值“2”(DataManager.obj 中)
concert.lib(ilocollection.obj) : error LNK2038: 检测到“RuntimeLibrary”的不匹配项: 值“MD_DynamicRelease”不匹配值“MDd_DynamicDebug”(DataManager.obj 中)
concert.lib(ilocollectioniterator.obj) : error LNK2038: 检测到“_ITERATOR_DEBUG_LEVEL”的不匹配项: 值“0”不匹配值“2”(DataManager.obj 中)
concert.lib(ilocollectioniterator.obj) : error LNK2038: 检测到“RuntimeLibrary”的不匹配项: 值“MD_DynamicRelease”不匹配值“MDd_DynamicDebug”(DataManager.obj 中)
concert.lib(ilomap.obj) : error LNK2038: 检测到“_ITERATOR_DEBUG_LEVEL”的不匹配项: 值“0”不匹配值“2”(DataManager.obj 中)
concert.lib(ilomap.obj) : error LNK2038: 检测到“RuntimeLibrary”的不匹配项: 值“MD_DynamicRelease”不匹配值“MDd_DynamicDebug”(DataManager.obj 中)
concert.lib(ilocollectionoperator.obj) : error LNK2038: 检测到“_ITERATOR_DEBUG_LEVEL”的不匹配项: 值“0”不匹配值“2”(DataManager.obj 中)
concert.lib(ilocollectionoperator.obj) : error LNK2038: 检测到“RuntimeLibrary”的不匹配项: 值“MD_DynamicRelease”不匹配值“MDd_DynamicDebug”(DataManager.obj 中)
concert.lib(ilosbasic.obj) : error LNK2038: 检测到“_ITERATOR_DEBUG_LEVEL”的不匹配项: 值“0”不匹配值“2”(DataManager.obj 中)
concert.lib(ilosbasic.obj) : error LNK2038: 检测到“RuntimeLibrary”的不匹配项: 值“MD_DynamicRelease”不匹配值“MDd_DynamicDebug”(DataManager.obj 中)
concert.lib(iloparami.obj) : error LNK2038: 检测到“_ITERATOR_DEBUG_LEVEL”的不匹配项: 值“0”不匹配值“2”(DataManager.obj 中)
concert.lib(iloparami.obj) : error LNK2038: 检测到“RuntimeLibrary”的不匹配项: 值“MD_DynamicRelease”不匹配值“MDd_DynamicDebug”(DataManager.obj 中)
concert.lib(iloskiplist.obj) : error LNK2038: 检测到“_ITERATOR_DEBUG_LEVEL”的不匹配项: 值“0”不匹配值“2”(DataManager.obj 中)
concert.lib(iloskiplist.obj) : error LNK2038: 检测到“RuntimeLibrary”的不匹配项: 值“MD_DynamicRelease”不匹配值“MDd_DynamicDebug”(DataManager.obj 中)
concert.lib(ilonumfunci.obj) : error LNK2038: 检测到“_ITERATOR_DEBUG_LEVEL”的不匹配项: 值“0”不匹配值“2”(DataManager.obj 中)
concert.lib(ilonumfunci.obj) : error LNK2038: 检测到“RuntimeLibrary”的不匹配项: 值“MD_DynamicRelease”不匹配值“MDd_DynamicDebug”(DataManager.obj 中)
concert.lib(evalkernel.obj) : error LNK2038: 检测到“_ITERATOR_DEBUG_LEVEL”的不匹配项: 值“0”不匹配值“2”(DataManager.obj 中)
concert.lib(evalkernel.obj) : error LNK2038: 检测到“RuntimeLibrary”的不匹配项: 值“MD_DynamicRelease”不匹配值“MDd_DynamicDebug”(DataManager.obj 中)
concert.lib(ilosdisplayi.obj) : error LNK2038: 检测到“_ITERATOR_DEBUG_LEVEL”的不匹配项: 值“0”不匹配值“2”(DataManager.obj 中)
concert.lib(ilosdisplayi.obj) : error LNK2038: 检测到“RuntimeLibrary”的不匹配项: 值“MD_DynamicRelease”不匹配值“MDd_DynamicDebug”(DataManager.obj 中)
concert.lib(iloserror.obj) : error LNK2038: 检测到“_ITERATOR_DEBUG_LEVEL”的不匹配项: 值“0”不匹配值“2”(DataManager.obj 中)
concert.lib(iloserror.obj) : error LNK2038: 检测到“RuntimeLibrary”的不匹配项: 值“MD_DynamicRelease”不匹配值“MDd_DynamicDebug”(DataManager.obj 中)
concert.lib(ilossequencei.obj) : error LNK2038: 检测到“_ITERATOR_DEBUG_LEVEL”的不匹配项: 值“0”不匹配值“2”(DataManager.obj 中)
concert.lib(ilossequencei.obj) : error LNK2038: 检测到“RuntimeLibrary”的不匹配项: 值“MD_DynamicRelease”不匹配值“MDd_DynamicDebug”(DataManager.obj 中)
concert.lib(ilosstructi.obj) : error LNK2038: 检测到“_ITERATOR_DEBUG_LEVEL”的不匹配项: 值“0”不匹配值“2”(DataManager.obj 中)
concert.lib(ilosstructi.obj) : error LNK2038: 检测到“RuntimeLibrary”的不匹配项: 值“MD_DynamicRelease”不匹配值“MDd_DynamicDebug”(DataManager.obj 中)
concert.lib(ilointervalsi.obj) : error LNK2038: 检测到“_ITERATOR_DEBUG_LEVEL”的不匹配项: 值“0”不匹配值“2”(DataManager.obj 中)
concert.lib(ilointervalsi.obj) : error LNK2038: 检测到“RuntimeLibrary”的不匹配项: 值“MD_DynamicRelease”不匹配值“MDd_DynamicDebug”(DataManager.obj 中)
concert.lib(ilosatomi.obj) : error LNK2038: 检测到“_ITERATOR_DEBUG_LEVEL”的不匹配项: 值“0”不匹配值“2”(DataManager.obj 中)
concert.lib(ilosatomi.obj) : error LNK2038: 检测到“RuntimeLibrary”的不匹配项: 值“MD_DynamicRelease”不匹配值“MDd_DynamicDebug”(DataManager.obj 中)
concert.lib(ilosmodel.obj) : error LNK2038: 检测到“_ITERATOR_DEBUG_LEVEL”的不匹配项: 值“0”不匹配值“2”(DataManager.obj 中)
concert.lib(ilosmodel.obj) : error LNK2038: 检测到“RuntimeLibrary”的不匹配项: 值“MD_DynamicRelease”不匹配值“MDd_DynamicDebug”(DataManager.obj 中)
LINK : warning LNK4098: 默认库“MSVCRT”与其他库的使用冲突；请使用 /NODEFAULTLIB:library
C:\Project\Aircraft_Model_Assignment\x64\Debug\Assignment.exe : fatal error LNK1319: 检测到 106 个不匹配项
